<?xml version="1.0" encoding="UTF-8"?>
<!-- Generated by org.testng.reporters.JUnitReportReporter -->
<testsuite hostname="Anup" failures="0" tests="2" name="com.example.test.GridTest" time="263.545" errors="0" timestamp="2025-10-19T16:34:33 IST" skipped="0">
  <testcase classname="com.example.test.GridTest" name="openGoogleTest" time="131.601"/>
  <testcase classname="com.example.test.GridTest" name="openGoogleTest" time="131.944"/>
</testsuite> <!-- com.example.test.GridTest -->
